  LAB03.cpp
C:\Users\Lidgqqq\source\repos\LAB03\LAB03.cpp(8,5): error C4235: nonstandard extension used: '__asm' keyword not supported on this architecture
C:\Users\Lidgqqq\source\repos\LAB03\LAB03.cpp(9,13): error C2065: 'eax': undeclared identifier
C:\Users\Lidgqqq\source\repos\LAB03\LAB03.cpp(9,9): error C3192: syntax error: '^' is not a prefix operator (did you mean '*'?)
C:\Users\Lidgqqq\source\repos\LAB03\LAB03.cpp(9,18): error C2065: 'eax': undeclared identifier
C:\Users\Lidgqqq\source\repos\LAB03\LAB03.cpp(10,13): error C2065: 'esi': undeclared identifier
C:\Users\Lidgqqq\source\repos\LAB03\LAB03.cpp(10,18): error C2065: 'esi': undeclared identifier
C:\Users\Lidgqqq\source\repos\LAB03\LAB03.cpp(11,13): error C2065: 'edi': undeclared identifier
C:\Users\Lidgqqq\source\repos\LAB03\LAB03.cpp(11,18): error C2065: 'edi': undeclared identifier
C:\Users\Lidgqqq\source\repos\LAB03\LAB03.cpp(12,9): error C2146: syntax error: missing ';' before identifier 'lea'
C:\Users\Lidgqqq\source\repos\LAB03\LAB03.cpp(12,9): error C2065: 'lea': undeclared identifier
C:\Users\Lidgqqq\source\repos\LAB03\LAB03.cpp(12,13): error C2146: syntax error: missing ';' before identifier 'ebx'
C:\Users\Lidgqqq\source\repos\LAB03\LAB03.cpp(12,13): error C2065: 'ebx': undeclared identifier
C:\Users\Lidgqqq\source\repos\LAB03\LAB03.cpp(13,9): error C2146: syntax error: missing ';' before identifier 'lea'
C:\Users\Lidgqqq\source\repos\LAB03\LAB03.cpp(13,9): error C2065: 'lea': undeclared identifier
C:\Users\Lidgqqq\source\repos\LAB03\LAB03.cpp(13,13): error C2146: syntax error: missing ';' before identifier 'ecx'
C:\Users\Lidgqqq\source\repos\LAB03\LAB03.cpp(13,13): error C2065: 'ecx': undeclared identifier
C:\Users\Lidgqqq\source\repos\LAB03\LAB03.cpp(14,9): error C2146: syntax error: missing ';' before identifier 'mov'
C:\Users\Lidgqqq\source\repos\LAB03\LAB03.cpp(14,9): error C2065: 'mov': undeclared identifier
C:\Users\Lidgqqq\source\repos\LAB03\LAB03.cpp(14,13): error C2146: syntax error: missing ';' before identifier 'edx'
C:\Users\Lidgqqq\source\repos\LAB03\LAB03.cpp(14,13): error C2065: 'edx': undeclared identifier
C:\Users\Lidgqqq\source\repos\LAB03\LAB03.cpp(14,23): error C2760: syntax error: '*' was unexpected here; expected ','
C:\Users\Lidgqqq\source\repos\LAB03\LAB03.cpp(14,25): error C2065: 'edi': undeclared identifier
C:\Users\Lidgqqq\source\repos\LAB03\LAB03.cpp(14,28): error C2059: syntax error: ']'
C:\Users\Lidgqqq\source\repos\LAB03\LAB03.cpp(39,30): warning C4244: '+=': conversion from 'double' to 'int', possible loss of data
